<?xml version="1.0" encoding="UTF-8"?>
<coverage generated="1732033032089" clover="3.2.0">
  <project timestamp="1732033032089" name="All files">
    <metrics statements="30" coveredstatements="30" conditionals="13" coveredconditionals="13" methods="12" coveredmethods="12" elements="55" coveredelements="55" complexity="0" loc="30" ncloc="30" packages="3" files="8" classes="8"/>
    <package name="api">
      <metrics statements="7" coveredstatements="7" conditionals="2" coveredconditionals="2" methods="3" coveredmethods="3"/>
      <file name="characters-api.js" path="C:\Users\arouvr03\marvel-app\src\api\characters-api.js">
        <metrics statements="7" coveredstatements="7" conditionals="2" coveredconditionals="2" methods="3" coveredmethods="3"/>
        <line num="7" count="1" type="stmt"/>
        <line num="8" count="1" type="stmt"/>
        <line num="16" count="1" type="stmt"/>
        <line num="17" count="4" type="stmt"/>
        <line num="18" count="2" type="cond" truecount="2" falsecount="0"/>
        <line num="19" count="1" type="stmt"/>
        <line num="21" count="1" type="stmt"/>
      </file>
    </package>
    <package name="components">
      <metrics statements="8" coveredstatements="8" conditionals="11" coveredconditionals="11" methods="4" coveredmethods="4"/>
      <file name="CharacterDetail.jsx" path="C:\Users\arouvr03\marvel-app\src\components\CharacterDetail.jsx">
        <metrics statements="3" coveredstatements="3" conditionals="7" coveredconditionals="7" methods="1" coveredmethods="1"/>
        <line num="3" count="4" type="cond" truecount="4" falsecount="0"/>
        <line num="4" count="1" type="stmt"/>
        <line num="7" count="3" type="stmt"/>
      </file>
      <file name="CharactersList.jsx" path="C:\Users\arouvr03\marvel-app\src\components\CharactersList.jsx">
        <metrics statements="2" coveredstatements="2" conditionals="1" coveredconditionals="1" methods="2" coveredmethods="2"/>
        <line num="4" count="4" type="stmt"/>
        <line num="7" count="4" type="stmt"/>
      </file>
      <file name="NumberOfCharacters.jsx" path="C:\Users\arouvr03\marvel-app\src\components\NumberOfCharacters.jsx">
        <metrics statements="3" coveredstatements="3" conditionals="3" coveredconditionals="3" methods="1" coveredmethods="1"/>
        <line num="2" count="4" type="cond" truecount="2" falsecount="0"/>
        <line num="3" count="2" type="stmt"/>
        <line num="6" count="2" type="stmt"/>
      </file>
    </package>
    <package name="pages">
      <metrics statements="15" coveredstatements="15" conditionals="0" coveredconditionals="0" methods="5" coveredmethods="5"/>
      <file name="AboutPage.jsx" path="C:\Users\arouvr03\marvel-app\src\pages\AboutPage.jsx">
        <metrics statements="3" coveredstatements="3" conditionals="0" coveredconditionals="0" methods="1" coveredmethods="1"/>
        <line num="3" count="1" type="stmt"/>
        <line num="5" count="1" type="stmt"/>
        <line num="7" count="1" type="stmt"/>
      </file>
      <file name="CharacterDetailPage.jsx" path="C:\Users\arouvr03\marvel-app\src\pages\CharacterDetailPage.jsx">
        <metrics statements="5" coveredstatements="5" conditionals="0" coveredconditionals="0" methods="2" coveredmethods="2"/>
        <line num="6" count="1" type="stmt"/>
        <line num="8" count="1" type="stmt"/>
        <line num="10" count="1" type="stmt"/>
        <line num="11" count="1" type="stmt"/>
        <line num="14" count="1" type="stmt"/>
      </file>
      <file name="CharactersPage.jsx" path="C:\Users\arouvr03\marvel-app\src\pages\CharactersPage.jsx">
        <metrics statements="4" coveredstatements="4" conditionals="0" coveredconditionals="0" methods="1" coveredmethods="1"/>
        <line num="6" count="1" type="stmt"/>
        <line num="8" count="1" type="stmt"/>
        <line num="10" count="1" type="stmt"/>
        <line num="12" count="1" type="stmt"/>
      </file>
      <file name="ContactPage.jsx" path="C:\Users\arouvr03\marvel-app\src\pages\ContactPage.jsx">
        <metrics statements="3" coveredstatements="3" conditionals="0" coveredconditionals="0" methods="1" coveredmethods="1"/>
        <line num="3" count="1" type="stmt"/>
        <line num="5" count="1" type="stmt"/>
        <line num="7" count="1" type="stmt"/>
      </file>
    </package>
  </project>
</coverage>
