{"C:\\Users\\arouvr03\\marvel-app\\src\\api\\characters-api.js": {"path":"C:\\Users\\arouvr03\\marvel-app\\src\\api\\characters-api.js","statementMap":{"0":{"start":{"line":7,"column":29},"end":{"line":9,"column":1}},"1":{"start":{"line":8,"column":4},"end":{"line":8,"column":22}},"2":{"start":{"line":16,"column":32},"end":{"line":22,"column":1}},"3":{"start":{"line":17,"column":22},"end":{"line":17,"column":71}},"4":{"start":{"line":17,"column":51},"end":{"line":17,"column":70}},"5":{"start":{"line":18,"column":4},"end":{"line":20,"column":5}},"6":{"start":{"line":19,"column":8},"end":{"line":19,"column":61}},"7":{"start":{"line":21,"column":4},"end":{"line":21,"column":21}}},"fnMap":{"0":{"name":"(anonymous_0)","decl":{"start":{"line":7,"column":29},"end":{"line":7,"column":30}},"loc":{"start":{"line":7,"column":35},"end":{"line":9,"column":1}},"line":7},"1":{"name":"(anonymous_1)","decl":{"start":{"line":16,"column":32},"end":{"line":16,"column":33}},"loc":{"start":{"line":16,"column":40},"end":{"line":22,"column":1}},"line":16},"2":{"name":"(anonymous_2)","decl":{"start":{"line":17,"column":38},"end":{"line":17,"column":39}},"loc":{"start":{"line":17,"column":51},"end":{"line":17,"column":70}},"line":17}},"branchMap":{"0":{"loc":{"start":{"line":18,"column":4},"end":{"line":20,"column":5}},"type":"if","locations":[{"start":{"line":18,"column":4},"end":{"line":20,"column":5}},{"start":{},"end":{}}],"line":18}},"s":{"0":1,"1":1,"2":1,"3":2,"4":4,"5":2,"6":1,"7":1},"f":{"0":1,"1":2,"2":4},"b":{"0":[1,1]},"_coverageSchema":"1a1c01bbd47fc00a2c39e90264f33305004495a9","hash":"861390c45634561a419be13c18da639354b01ff4"}
,"C:\\Users\\arouvr03\\marvel-app\\src\\components\\CharacterDetail.jsx": {"path":"C:\\Users\\arouvr03\\marvel-app\\src\\components\\CharacterDetail.jsx","statementMap":{"0":{"start":{"line":3,"column":4},"end":{"line":18,"column":5}},"1":{"start":{"line":4,"column":8},"end":{"line":4,"column":39}},"2":{"start":{"line":7,"column":8},"end":{"line":17,"column":10}}},"fnMap":{"0":{"name":"CharacterDetail","decl":{"start":{"line":1,"column":9},"end":{"line":1,"column":24}},"loc":{"start":{"line":1,"column":45},"end":{"line":19,"column":1}},"line":1}},"branchMap":{"0":{"loc":{"start":{"line":1,"column":27},"end":{"line":1,"column":41}},"type":"default-arg","locations":[{"start":{"line":1,"column":39},"end":{"line":1,"column":41}}],"line":1},"1":{"loc":{"start":{"line":3,"column":4},"end":{"line":18,"column":5}},"type":"if","locations":[{"start":{"line":3,"column":4},"end":{"line":18,"column":5}},{"start":{"line":5,"column":11},"end":{"line":18,"column":5}}],"line":3},"2":{"loc":{"start":{"line":3,"column":8},"end":{"line":3,"column":57}},"type":"binary-expr","locations":[{"start":{"line":3,"column":8},"end":{"line":3,"column":18}},{"start":{"line":3,"column":22},"end":{"line":3,"column":57}}],"line":3},"3":{"loc":{"start":{"line":12,"column":20},"end":{"line":12,"column":155}},"type":"binary-expr","locations":[{"start":{"line":12,"column":20},"end":{"line":12,"column":39}},{"start":{"line":12,"column":43},"end":{"line":12,"column":155}}],"line":12}},"s":{"0":4,"1":1,"2":3},"f":{"0":4},"b":{"0":[1],"1":[1,3],"2":[4,4],"3":[3,2]},"_coverageSchema":"1a1c01bbd47fc00a2c39e90264f33305004495a9","hash":"86801eaab27d91013d8498776a099dac910611b6"}
,"C:\\Users\\arouvr03\\marvel-app\\src\\components\\CharactersList.jsx": {"path":"C:\\Users\\arouvr03\\marvel-app\\src\\components\\CharactersList.jsx","statementMap":{"0":{"start":{"line":4,"column":2},"end":{"line":14,"column":4}},"1":{"start":{"line":7,"column":8},"end":{"line":11,"column":13}}},"fnMap":{"0":{"name":"CharactersList","decl":{"start":{"line":3,"column":16},"end":{"line":3,"column":30}},"loc":{"start":{"line":3,"column":52},"end":{"line":15,"column":1}},"line":3},"1":{"name":"(anonymous_1)","decl":{"start":{"line":6,"column":22},"end":{"line":6,"column":23}},"loc":{"start":{"line":7,"column":8},"end":{"line":11,"column":13}},"line":7}},"branchMap":{"0":{"loc":{"start":{"line":3,"column":33},"end":{"line":3,"column":48}},"type":"default-arg","locations":[{"start":{"line":3,"column":46},"end":{"line":3,"column":48}}],"line":3}},"s":{"0":4,"1":4},"f":{"0":4,"1":4},"b":{"0":[1]},"_coverageSchema":"1a1c01bbd47fc00a2c39e90264f33305004495a9","hash":"b26babcb138b205629846cbc5cb9fa2cedde1b6a"}
,"C:\\Users\\arouvr03\\marvel-app\\src\\components\\NumberOfCharacters.jsx": {"path":"C:\\Users\\arouvr03\\marvel-app\\src\\components\\NumberOfCharacters.jsx","statementMap":{"0":{"start":{"line":2,"column":2},"end":{"line":4,"column":3}},"1":{"start":{"line":3,"column":4},"end":{"line":3,"column":40}},"2":{"start":{"line":6,"column":2},"end":{"line":6,"column":56}}},"fnMap":{"0":{"name":"NumberOfCharacters","decl":{"start":{"line":1,"column":16},"end":{"line":1,"column":34}},"loc":{"start":{"line":1,"column":56},"end":{"line":7,"column":1}},"line":1}},"branchMap":{"0":{"loc":{"start":{"line":1,"column":37},"end":{"line":1,"column":52}},"type":"default-arg","locations":[{"start":{"line":1,"column":50},"end":{"line":1,"column":52}}],"line":1},"1":{"loc":{"start":{"line":2,"column":2},"end":{"line":4,"column":3}},"type":"if","locations":[{"start":{"line":2,"column":2},"end":{"line":4,"column":3}},{"start":{},"end":{}}],"line":2}},"s":{"0":4,"1":2,"2":2},"f":{"0":4},"b":{"0":[1],"1":[2,2]},"_coverageSchema":"1a1c01bbd47fc00a2c39e90264f33305004495a9","hash":"448314a12218f580b5e1c078cc92abe818327bcd"}
,"C:\\Users\\arouvr03\\marvel-app\\src\\pages\\AboutPage.jsx": {"path":"C:\\Users\\arouvr03\\marvel-app\\src\\pages\\AboutPage.jsx","statementMap":{"0":{"start":{"line":3,"column":18},"end":{"line":13,"column":1}},"1":{"start":{"line":5,"column":4},"end":{"line":5,"column":42}},"2":{"start":{"line":7,"column":4},"end":{"line":12,"column":6}}},"fnMap":{"0":{"name":"(anonymous_0)","decl":{"start":{"line":3,"column":18},"end":{"line":3,"column":19}},"loc":{"start":{"line":3,"column":24},"end":{"line":13,"column":1}},"line":3}},"branchMap":{},"s":{"0":1,"1":1,"2":1},"f":{"0":1},"b":{},"_coverageSchema":"1a1c01bbd47fc00a2c39e90264f33305004495a9","hash":"07b85aede918b5ad8f956e4578e9adf05336e2e6"}
,"C:\\Users\\arouvr03\\marvel-app\\src\\pages\\CharacterDetailPage.jsx": {"path":"C:\\Users\\arouvr03\\marvel-app\\src\\pages\\CharacterDetailPage.jsx","statementMap":{"0":{"start":{"line":6,"column":28},"end":{"line":19,"column":1}},"1":{"start":{"line":8,"column":22},"end":{"line":8,"column":37}},"2":{"start":{"line":10,"column":4},"end":{"line":12,"column":20}},"3":{"start":{"line":11,"column":8},"end":{"line":11,"column":58}},"4":{"start":{"line":14,"column":4},"end":{"line":18,"column":6}}},"fnMap":{"0":{"name":"(anonymous_0)","decl":{"start":{"line":6,"column":28},"end":{"line":6,"column":29}},"loc":{"start":{"line":6,"column":34},"end":{"line":19,"column":1}},"line":6},"1":{"name":"(anonymous_1)","decl":{"start":{"line":10,"column":14},"end":{"line":10,"column":15}},"loc":{"start":{"line":10,"column":20},"end":{"line":12,"column":5}},"line":10}},"branchMap":{},"s":{"0":1,"1":1,"2":1,"3":1,"4":1},"f":{"0":1,"1":1},"b":{},"_coverageSchema":"1a1c01bbd47fc00a2c39e90264f33305004495a9","hash":"acf26cad7927e48b3b08994364ceb40976a8b96a"}
,"C:\\Users\\arouvr03\\marvel-app\\src\\pages\\CharactersPage.jsx": {"path":"C:\\Users\\arouvr03\\marvel-app\\src\\pages\\CharactersPage.jsx","statementMap":{"0":{"start":{"line":6,"column":23},"end":{"line":20,"column":1}},"1":{"start":{"line":8,"column":4},"end":{"line":8,"column":34}},"2":{"start":{"line":10,"column":23},"end":{"line":10,"column":38}},"3":{"start":{"line":12,"column":4},"end":{"line":19,"column":6}}},"fnMap":{"0":{"name":"(anonymous_0)","decl":{"start":{"line":6,"column":23},"end":{"line":6,"column":24}},"loc":{"start":{"line":6,"column":29},"end":{"line":20,"column":1}},"line":6}},"branchMap":{},"s":{"0":1,"1":1,"2":1,"3":1},"f":{"0":1},"b":{},"_coverageSchema":"1a1c01bbd47fc00a2c39e90264f33305004495a9","hash":"2d59757c7917b8e79dd5d97b57ee1596a07185a0"}
,"C:\\Users\\arouvr03\\marvel-app\\src\\pages\\ContactPage.jsx": {"path":"C:\\Users\\arouvr03\\marvel-app\\src\\pages\\ContactPage.jsx","statementMap":{"0":{"start":{"line":3,"column":20},"end":{"line":15,"column":1}},"1":{"start":{"line":5,"column":4},"end":{"line":5,"column":44}},"2":{"start":{"line":7,"column":4},"end":{"line":14,"column":6}}},"fnMap":{"0":{"name":"(anonymous_0)","decl":{"start":{"line":3,"column":20},"end":{"line":3,"column":21}},"loc":{"start":{"line":3,"column":26},"end":{"line":15,"column":1}},"line":3}},"branchMap":{},"s":{"0":1,"1":1,"2":1},"f":{"0":1},"b":{},"_coverageSchema":"1a1c01bbd47fc00a2c39e90264f33305004495a9","hash":"fe11140cc65745f4faba8a12823b16c1b381d5ad"}
}
