TN:
SF:src\api\characters-api.js
FN:7,(anonymous_0)
FN:16,(anonymous_1)
FN:17,(anonymous_2)
FNF:3
FNH:3
FNDA:1,(anonymous_0)
FNDA:2,(anonymous_1)
FNDA:4,(anonymous_2)
DA:7,1
DA:8,1
DA:16,1
DA:17,4
DA:18,2
DA:19,1
DA:21,1
LF:7
LH:7
BRDA:18,0,0,1
BRDA:18,0,1,1
BRF:2
BRH:2
end_of_record
TN:
SF:src\components\CharacterDetail.jsx
FN:1,CharacterDetail
FNF:1
FNH:1
FNDA:4,CharacterDetail
DA:3,4
DA:4,1
DA:7,3
LF:3
LH:3
BRDA:1,0,0,1
BRDA:3,1,0,1
BRDA:3,1,1,3
BRDA:3,2,0,4
BRDA:3,2,1,4
BRDA:12,3,0,3
BRDA:12,3,1,2
BRF:7
BRH:7
end_of_record
TN:
SF:src\components\CharactersList.jsx
FN:3,CharactersList
FN:6,(anonymous_1)
FNF:2
FNH:2
FNDA:4,CharactersList
FNDA:4,(anonymous_1)
DA:4,4
DA:7,4
LF:2
LH:2
BRDA:3,0,0,1
BRF:1
BRH:1
end_of_record
TN:
SF:src\components\NumberOfCharacters.jsx
FN:1,NumberOfCharacters
FNF:1
FNH:1
FNDA:4,NumberOfCharacters
DA:2,4
DA:3,2
DA:6,2
LF:3
LH:3
BRDA:1,0,0,1
BRDA:2,1,0,2
BRDA:2,1,1,2
BRF:3
BRH:3
end_of_record
TN:
SF:src\pages\AboutPage.jsx
FN:3,(anonymous_0)
FNF:1
FNH:1
FNDA:1,(anonymous_0)
DA:3,1
DA:5,1
DA:7,1
LF:3
LH:3
BRF:0
BRH:0
end_of_record
TN:
SF:src\pages\CharacterDetailPage.jsx
FN:6,(anonymous_0)
FN:10,(anonymous_1)
FNF:2
FNH:2
FNDA:1,(anonymous_0)
FNDA:1,(anonymous_1)
DA:6,1
DA:8,1
DA:10,1
DA:11,1
DA:14,1
LF:5
LH:5
BRF:0
BRH:0
end_of_record
TN:
SF:src\pages\CharactersPage.jsx
FN:6,(anonymous_0)
FNF:1
FNH:1
FNDA:1,(anonymous_0)
DA:6,1
DA:8,1
DA:10,1
DA:12,1
LF:4
LH:4
BRF:0
BRH:0
end_of_record
TN:
SF:src\pages\ContactPage.jsx
FN:3,(anonymous_0)
FNF:1
FNH:1
FNDA:1,(anonymous_0)
DA:3,1
DA:5,1
DA:7,1
LF:3
LH:3
BRF:0
BRH:0
end_of_record
